#
# There is insufficient memory for the Java Runtime Environment to continue.
# Native memory allocation (malloc) failed to allocate 32784 bytes for Chunk::new
# Possible reasons:
#   The system is out of physical RAM or swap space
#   In 32 bit mode, the process size limit was hit
# Possible solutions:
#   Reduce memory load on the system
#   Increase physical memory or swap space
#   Check if swap backing store is full
#   Use 64 bit Java on a 64 bit OS
#   Decrease Java heap size (-Xmx/-Xms)
#   Decrease number of Java threads
#   Decrease Java thread stack sizes (-Xss)
#   Set larger code cache with -XX:ReservedCodeCacheSize=
# This output file may be truncated or incomplete.
#
#  Out of Memory Error (allocation.cpp:390), pid=1340, tid=9892
#
# JRE version: Java(TM) SE Runtime Environment (8.0_40-b25) (build 1.8.0_40-b25)
# Java VM: Java HotSpot(TM) 64-Bit Server VM (25.40-b25 mixed mode windows-amd64 compressed oops)
# Failed to write core dump. Minidumps are not enabled by default on client versions of Windows
#

---------------  T H R E A D  ---------------

Current thread (0x0000000014826000):  JavaThread "C2 CompilerThread1" daemon [_thread_in_native, id=9892, stack(0x0000000015e30000,0x0000000015f30000)]

Stack: [0x0000000015e30000,0x0000000015f30000]
Native frames: (J=compiled Java code, j=interpreted, Vv=VM code, C=native code)
V  [jvm.dll+0x32b47a]
V  [jvm.dll+0x2797f3]
V  [jvm.dll+0x27a489]
V  [jvm.dll+0x2717a5]
V  [jvm.dll+0xcb9a2]
V  [jvm.dll+0xcbe6c]
V  [jvm.dll+0xcc1c4]
V  [jvm.dll+0x4ea1f0]
V  [jvm.dll+0x501840]
V  [jvm.dll+0x496e50]
V  [jvm.dll+0x496f0e]
V  [jvm.dll+0x5036b3]
V  [jvm.dll+0x50310a]
V  [jvm.dll+0x46b46a]
V  [jvm.dll+0x46ccbe]
V  [jvm.dll+0x4500d2]
V  [jvm.dll+0xa4312]
V  [jvm.dll+0xa4c4f]
V  [jvm.dll+0x241914]
V  [jvm.dll+0x29848a]
C  [msvcr100.dll+0x21d9f]
C  [msvcr100.dll+0x21e3b]
C  [KERNEL32.DLL+0x13d2]
C  [ntdll.dll+0x15454]


Current CompileTask:
C2:  16267  999       4       com.android.dx.ssa.NormalSsaInsn::mapSourceRegisters (48 bytes)


---------------  P R O C E S S  ---------------

Java Threads: ( => current thread )
  0x0000000016035800 JavaThread "Service Thread" daemon [_thread_blocked, id=5132, stack(0x0000000016430000,0x0000000016530000)]
  0x000000001482c000 JavaThread "C1 CompilerThread2" daemon [_thread_blocked, id=9204, stack(0x0000000015f30000,0x0000000016030000)]
=>0x0000000014826000 JavaThread "C2 CompilerThread1" daemon [_thread_in_native, id=9892, stack(0x0000000015e30000,0x0000000015f30000)]
  0x00000000147ca000 JavaThread "C2 CompilerThread0" daemon [_thread_in_native, id=5164, stack(0x0000000015d30000,0x0000000015e30000)]
  0x00000000147c9000 JavaThread "Attach Listener" daemon [_thread_blocked, id=10136, stack(0x0000000015c30000,0x0000000015d30000)]
  0x00000000147c8000 JavaThread "Signal Dispatcher" daemon [_thread_blocked, id=9852, stack(0x0000000015b30000,0x0000000015c30000)]
  0x00000000020f6000 JavaThread "Finalizer" daemon [_thread_blocked, id=4040, stack(0x0000000015a30000,0x0000000015b30000)]
  0x00000000020ed000 JavaThread "Reference Handler" daemon [_thread_blocked, id=4828, stack(0x0000000015930000,0x0000000015a30000)]
  0x0000000002000800 JavaThread "main" [_thread_in_Java, id=10208, stack(0x0000000001e90000,0x0000000001f90000)]

Other Threads:
  0x0000000014797800 VMThread [stack: 0x0000000015830000,0x0000000015930000] [id=7536]
  0x0000000016036800 WatcherThread [stack: 0x0000000016530000,0x0000000016630000] [id=9024]

VM state:not at safepoint (normal execution)

VM Mutex/Monitor currently owned by a thread: None

Heap:
 PSYoungGen      total 38400K, used 7423K [0x00000000eab00000, 0x00000000ed580000, 0x0000000100000000)
  eden space 33280K, 6% used [0x00000000eab00000,0x00000000ead414e8,0x00000000ecb80000)
  from space 5120K, 99% used [0x00000000ecb80000,0x00000000ed07eaa8,0x00000000ed080000)
  to   space 5120K, 0% used [0x00000000ed080000,0x00000000ed080000,0x00000000ed580000)
 ParOldGen       total 87552K, used 1410K [0x00000000c0000000, 0x00000000c5580000, 0x00000000eab00000)
  object space 87552K, 1% used [0x00000000c0000000,0x00000000c0160970,0x00000000c5580000)
 Metaspace       used 5704K, capacity 6960K, committed 7040K, reserved 1058816K
  class space    used 549K, capacity 616K, committed 640K, reserved 1048576K

Card table byte_map: [0x00000000114c0000,0x00000000116d0000] byte_map_base: 0x0000000010ec0000

Marking Bits: (ParMarkBitMap*) 0x000000005d354040
 Begin Bits: [0x0000000011c30000, 0x0000000012c30000)
 End Bits:   [0x0000000012c30000, 0x0000000013c30000)

Polling page: 0x00000000005f0000

CodeCache: size=245760Kb used=5427Kb max_used=5433Kb free=240332Kb
 bounds [0x0000000002100000, 0x0000000002660000, 0x0000000011100000]
 total_blobs=1590 nmethods=1323 adapters=178
 compilation: enabled

Compilation events (10 events):
Event: 15.751 Thread 0x000000001482c000 nmethod 995 0x00000000024f0050 code [0x00000000024f01a0, 0x00000000024f02b0]
Event: 15.752 Thread 0x000000001482c000  996   !   3       com.android.dx.rop.type.Prototype::intern (233 bytes)
Event: 15.752 Thread 0x00000000147ca000 nmethod 990 0x00000000024f4550 code [0x00000000024f46a0, 0x00000000024f4958]
Event: 15.754 Thread 0x000000001482c000 nmethod 996 0x00000000024f4b50 code [0x00000000024f4f20, 0x00000000024f6ef8]
Event: 15.754 Thread 0x000000001482c000  997       3       com.android.dx.rop.cst.CstNat::isInstanceInit (13 bytes)
Event: 15.755 Thread 0x000000001482c000 nmethod 997 0x00000000024efb50 code [0x00000000024efcc0, 0x00000000024eff88]
Event: 15.799 Thread 0x000000001482c000  998       1       com.android.dx.cf.code.BasicBlocker::setPreviousOffset (6 bytes)
Event: 15.799 Thread 0x000000001482c000 nmethod 998 0x00000000024ef890 code [0x00000000024ef9e0, 0x00000000024efaf0]
Event: 15.808 Thread 0x0000000014826000  999       4       com.android.dx.ssa.NormalSsaInsn::mapSourceRegisters (48 bytes)
Event: 15.810 Thread 0x00000000147ca000 1000       4       com.android.dx.ssa.RegisterMapper::map (63 bytes)

GC Heap History (0 events):
No events

Deoptimization events (8 events):
Event: 15.096 Thread 0x0000000002000800 Uncommon trap: reason=unstable_if action=reinterpret pc=0x00000000023929ec method=java.util.HashMap.getNode(ILjava/lang/Object;)Ljava/util/HashMap$Node; @ 62
Event: 15.375 Thread 0x0000000002000800 Uncommon trap: reason=unstable_if action=reinterpret pc=0x00000000023df924 method=com.android.dx.rop.code.RegisterSpec.equals(ILcom/android/dx/rop/type/TypeBearer;Lcom/android/dx/rop/code/LocalItem;)Z @ 16
Event: 15.401 Thread 0x0000000002000800 Uncommon trap: reason=unstable_if action=reinterpret pc=0x000000000238f5b0 method=java.util.BitSet.ensureCapacity(I)V @ 6
Event: 15.412 Thread 0x0000000002000800 Uncommon trap: reason=unstable_if action=reinterpret pc=0x00000000023caaf4 method=java.util.BitSet.ensureCapacity(I)V @ 6
Event: 15.486 Thread 0x0000000002000800 Uncommon trap: reason=class_check action=maybe_recompile pc=0x00000000023bf2b0 method=com.android.dx.ssa.NormalSsaInsn.accept(Lcom/android/dx/ssa/SsaInsn$Visitor;)V @ 9
Event: 15.486 Thread 0x0000000002000800 Uncommon trap: reason=class_check action=maybe_recompile pc=0x00000000023bf2b0 method=com.android.dx.ssa.NormalSsaInsn.accept(Lcom/android/dx/ssa/SsaInsn$Visitor;)V @ 9
Event: 15.486 Thread 0x0000000002000800 Uncommon trap: reason=class_check action=maybe_recompile pc=0x00000000023bf2b0 method=com.android.dx.ssa.NormalSsaInsn.accept(Lcom/android/dx/ssa/SsaInsn$Visitor;)V @ 9
Event: 15.486 Thread 0x0000000002000800 Uncommon trap: reason=class_check action=maybe_recompile pc=0x00000000023bf2b0 method=com.android.dx.ssa.NormalSsaInsn.accept(Lcom/android/dx/ssa/SsaInsn$Visitor;)V @ 9

Internal exceptions (2 events):
Event: 0.187 Thread 0x0000000002000800 Exception <a 'java/lang/NoSuchMethodError': Method sun.misc.Unsafe.defineClass(Ljava/lang/String;[BII)Ljava/lang/Class; name or signature does not match> (0x00000000eab0d610) thrown at [D:\re\workspace\8-2-build-windows-amd64-cygwin\jdk8u40\2855\hotspot\sr@…vEføÇ?
Event: 0.187 Thread 0x0000000002000800 Exception <a 'java/lang/NoSuchMethodError': Method sun.misc.Unsafe.prefetchRead(Ljava/lang/Object;J)V name or signature does not match> (0x00000000eab0d8a0) thrown at [D:\re\workspace\8-2-build-windows-amd64-cygwin\jdk8u40\2855\hotspot\src\share\vm\prims\j

Events (10 events):
Event: 15.486 Thread 0x0000000002000800 Uncommon trap: trap_request=0xffffffde fr.pc=0x00000000023bf2b0
Event: 15.486 Thread 0x0000000002000800 DEOPT PACKING pc=0x00000000023bf2b0 sp=0x0000000001f8e880
Event: 15.486 Thread 0x0000000002000800 DEOPT UNPACKING pc=0x000000000214582a sp=0x0000000001f8e810 mode 2
Event: 15.486 Thread 0x0000000002000800 Uncommon trap: trap_request=0xffffffde fr.pc=0x00000000023bf2b0
Event: 15.486 Thread 0x0000000002000800 DEOPT PACKING pc=0x00000000023bf2b0 sp=0x0000000001f8e880
Event: 15.486 Thread 0x0000000002000800 DEOPT UNPACKING pc=0x000000000214582a sp=0x0000000001f8e810 mode 2
Event: 15.752 loading class com/android/dx/dex/file/FieldAnnotationStruct
Event: 15.752 loading class com/android/dx/dex/file/FieldAnnotationStruct done
Event: 15.753 Executing VM operation: CollectForMetadataAllocation
Event: 15.753 Executing VM operation: CollectForMetadataAllocation done


Dynamic libraries:
0x00007ff6deaf0000 - 0x00007ff6deb27000 	C:\Program Files\Java\jdk1.8.0_40\bin\java.exe
0x00007ff969c10000 - 0x00007ff969dbc000 	C:\Windows\SYSTEM32\ntdll.dll
0x00007ff968180000 - 0x00007ff9682be000 	C:\Windows\system32\KERNEL32.DLL
0x00007ff967170000 - 0x00007ff967285000 	C:\Windows\system32\KERNELBASE.dll
0x00007ff965900000 - 0x00007ff96598e000 	C:\Windows\system32\apphelp.dll
0x00007ff9535f0000 - 0x00007ff953643000 	C:\Windows\AppPatch\AppPatch64\AcGenral.DLL
0x00007ff967760000 - 0x00007ff96780a000 	C:\Windows\system32\msvcrt.dll
0x00007ff966b90000 - 0x00007ff966bbe000 	C:\Windows\SYSTEM32\SspiCli.dll
0x00007ff967700000 - 0x00007ff967754000 	C:\Windows\system32\SHLWAPI.dll
0x00007ff9673c0000 - 0x00007ff967537000 	C:\Windows\system32\USER32.dll
0x00007ff967fe0000 - 0x00007ff968174000 	C:\Windows\system32\ole32.dll
0x00007ff968580000 - 0x00007ff969aab000 	C:\Windows\system32\SHELL32.dll
0x00007ff9662c0000 - 0x00007ff9662e1000 	C:\Windows\SYSTEM32\USERENV.dll
0x00007ff968380000 - 0x00007ff96842a000 	C:\Windows\system32\ADVAPI32.dll
0x00007ff960ce0000 - 0x00007ff960cfe000 	C:\Windows\SYSTEM32\MPR.dll
0x00007ff967550000 - 0x00007ff967691000 	C:\Windows\system32\RPCRT4.dll
0x00007ff967f80000 - 0x00007ff967fd9000 	C:\Windows\SYSTEM32\sechost.dll
0x00007ff967a70000 - 0x00007ff967c81000 	C:\Windows\SYSTEM32\combase.dll
0x00007ff968430000 - 0x00007ff96857f000 	C:\Windows\system32\GDI32.dll
0x00007ff966d60000 - 0x00007ff966d75000 	C:\Windows\SYSTEM32\profapi.dll
0x00007ff964ce0000 - 0x00007ff964d92000 	C:\Windows\SYSTEM32\SHCORE.dll
0x00007ff967e80000 - 0x00007ff967eb6000 	C:\Windows\system32\IMM32.DLL
0x00007ff969ab0000 - 0x00007ff969c02000 	C:\Windows\system32\MSCTF.dll
0x00007ff962bb0000 - 0x00007ff962e2b000 	C:\Windows\WinSxS\amd64_microsoft.windows.common-controls_6595b64144ccf1df_6.0.9600.18006_none_623f33d3ecbe86e8\COMCTL32.dll
0x000000005da00000 - 0x000000005dad2000 	C:\Program Files\Java\jdk1.8.0_40\jre\bin\msvcr100.dll
0x000000005cb50000 - 0x000000005d3d3000 	C:\Program Files\Java\jdk1.8.0_40\jre\bin\server\jvm.dll
0x00007ff95d480000 - 0x00007ff95d489000 	C:\Windows\SYSTEM32\WSOCK32.dll
0x00007ff960580000 - 0x00007ff9605a2000 	C:\Windows\SYSTEM32\WINMM.dll
0x00007ff960570000 - 0x00007ff96057a000 	C:\Windows\SYSTEM32\VERSION.dll
0x00007ff967820000 - 0x00007ff967827000 	C:\Windows\system32\PSAPI.DLL
0x00007ff967360000 - 0x00007ff9673ba000 	C:\Windows\system32\WS2_32.dll
0x00007ff960210000 - 0x00007ff96023a000 	C:\Windows\SYSTEM32\WINMMBASE.dll
0x00007ff967540000 - 0x00007ff967549000 	C:\Windows\system32\NSI.dll
0x00007ff966f40000 - 0x00007ff966f8f000 	C:\Windows\SYSTEM32\cfgmgr32.dll
0x00007ff965b70000 - 0x00007ff965b98000 	C:\Windows\SYSTEM32\DEVOBJ.dll
0x000000005e680000 - 0x000000005e68f000 	C:\Program Files\Java\jdk1.8.0_40\jre\bin\verify.dll
0x000000005e650000 - 0x000000005e679000 	C:\Program Files\Java\jdk1.8.0_40\jre\bin\java.dll
0x000000005e630000 - 0x000000005e646000 	C:\Program Files\Java\jdk1.8.0_40\jre\bin\zip.dll
0x00007ff9611a0000 - 0x00007ff961329000 	C:\Windows\SYSTEM32\dbghelp.dll

VM Arguments:
jvm_args: -Xmx1024M -Dfile.encoding=windows-1252 -Duser.country=GB -Duser.language=en -Duser.variant 
java_command: com.android.dx.command.Main --dex --output C:\Users\Asif Khan\Desktop\Coursework\TrafficScotlandRoadworks\app\build\intermediates\pre-dexed\debug\classes-27d3708793e687f711c6af8ba061902656e8c575.jar C:\Users\Asif Khan\Desktop\Coursework\TrafficScotlandRoadworks\app\build\intermediates\exploded-aar\com.google.android.gms\play-services-wallet\8.3.0\jars\classes.jar
java_class_path (initial): C:\Android\sdk1\build-tools\22.0.1\lib\dx.jar
Launcher Type: SUN_STANDARD

Environment Variables:
PATH=C:\oraclexe\app\oracle\product\11.2.0\server\bin;;C:\ProgramData\Oracle\Java\javapath;C:\Program Files\Broadcom\Broadcom 802.11;;C:\Program Files (x86)\Intel\iCLS Client\;C:\Program Files\Intel\iCLS Client\;C:\Windows\system32;C:\Windows;C:\Windows\System32\Wbem;C:\Windows\System32\WindowsPowerShell\v1.0\;C:\Program Files\Hewlett-Packard\SimplePass\;C:\Program Files\Intel\Intel(R) Management Engine Components\DAL;C:\Program Files\Intel\Intel(R) Management Engine Components\IPT;C:\Program Files (x86)\Intel\Intel(R) Management Engine Components\DAL;C:\Program Files (x86)\Intel\Intel(R) Management Engine Components\IPT;C:\Program Files (x86)\Microsoft ASP.NET\ASP.NET Web Pages\v1.0\;C:\Program Files\Microsoft SQL Server\110\Tools\Binn\;C:\Program Files\Microsoft\Web Platform Installer\;C:\Program Files (x86)\Windows Kits\8.1\Windows Performance Toolkit\;C:\Program Files (x86)\Skype\Phone\
USERNAME=Asif Khan
OS=Windows_NT
PROCESSOR_IDENTIFIER=Intel64 Family 6 Model 69 Stepping 1, GenuineIntel



---------------  S Y S T E M  ---------------

OS: Windows 8.1 , 64 bit Build 9600 (6.3.9600.17415)

CPU:total 4 (2 cores per cpu, 2 threads per core) family 6 model 69 stepping 1, cmov, cx8, fxsr, mmx, sse, sse2, sse3, ssse3, sse4.1, sse4.2, popcnt, avx, avx2, aes, clmul, erms, lzcnt, ht, tsc, tscinvbit, bmi1, bmi2

Memory: 4k page, physical 8317080k(897556k free), swap 11462808k(39296k free)

vm_info: Java HotSpot(TM) 64-Bit Server VM (25.40-b25) for windows-amd64 JRE (1.8.0_40-b25), built on Feb 10 2015 21:53:57 by "java_re" with MS VC++ 10.0 (VS2010)

time: Sat Dec 12 12:27:41 2015
elapsed time: 16 seconds (0d 0h 0m 16s)

