#
# There is insufficient memory for the Java Runtime Environment to continue.
# Native memory allocation (malloc) failed to allocate 1048576 bytes for AllocateHeap
# Possible reasons:
#   The system is out of physical RAM or swap space
#   In 32 bit mode, the process size limit was hit
# Possible solutions:
#   Reduce memory load on the system
#   Increase physical memory or swap space
#   Check if swap backing store is full
#   Use 64 bit Java on a 64 bit OS
#   Decrease Java heap size (-Xmx/-Xms)
#   Decrease number of Java threads
#   Decrease Java thread stack sizes (-Xss)
#   Set larger code cache with -XX:ReservedCodeCacheSize=
# This output file may be truncated or incomplete.
#
#  Out of Memory Error (memory/allocation.inline.hpp:61), pid=3952, tid=4040
#
# JRE version:  (8.0_40-b25) (build )
# Java VM: Java HotSpot(TM) 64-Bit Server VM (25.40-b25 mixed mode windows-amd64 compressed oops)
# Failed to write core dump. Minidumps are not enabled by default on client versions of Windows
#

---------------  T H R E A D  ---------------

Current thread (0x0000000001f70800):  JavaThread "Unknown thread" [_thread_in_vm, id=4040, stack(0x0000000001e70000,0x0000000001f70000)]

Stack: [0x0000000001e70000,0x0000000001f70000]
Native frames: (J=compiled Java code, j=interpreted, Vv=VM code, C=native code)
V  [jvm.dll+0x32b47a]
V  [jvm.dll+0x2797f3]
V  [jvm.dll+0x27a489]
V  [jvm.dll+0x2717a5]
V  [jvm.dll+0x1606]
V  [jvm.dll+0x270812]
V  [jvm.dll+0x3eeb5a]
V  [jvm.dll+0x3ea707]
V  [jvm.dll+0xf2c12]
V  [jvm.dll+0x20f139]
V  [jvm.dll+0x240d9a]
V  [jvm.dll+0x15b941]
C  [java.exe+0x216e]
C  [java.exe+0xcce7]
C  [java.exe+0xcd7b]
C  [KERNEL32.DLL+0x13d2]
C  [ntdll.dll+0x15454]


---------------  P R O C E S S  ---------------

Java Threads: ( => current thread )

Other Threads:

=>0x0000000001f70800 (exited) JavaThread "Unknown thread" [_thread_in_vm, id=4040, stack(0x0000000001e70000,0x0000000001f70000)]

VM state:not at safepoint (normal execution)

VM Mutex/Monitor currently owned by a thread: None

Heap:
 PSYoungGen      total 38400K, used 665K [0x00000000eab00000, 0x00000000ed580000, 0x0000000100000000)
  eden space 33280K, 2% used [0x00000000eab00000,0x00000000eaba6670,0x00000000ecb80000)
  from space 5120K, 0% used [0x00000000ed080000,0x00000000ed080000,0x00000000ed580000)
  to   space 5120K, 0% used [0x00000000ecb80000,0x00000000ecb80000,0x00000000ed080000)
 ParOldGen       total 87552K, used 0K [0x00000000c0000000, 0x00000000c5580000, 0x00000000eab00000)
  object space 87552K, 0% used [0x00000000c0000000,0x00000000c0000000,0x00000000c5580000)
 Metaspace       used 766K, capacity 4480K, committed 4480K, reserved 1056768K
  class space    used 75K, capacity 384K, committed 384K, reserved 1048576K

Card table byte_map: [0x0000000011430000,0x0000000011640000] byte_map_base: 0x0000000010e30000

Marking Bits: (ParMarkBitMap*) 0x000000005d354040
 Begin Bits: [0x0000000011ba0000, 0x0000000012ba0000)
 End Bits:   [0x0000000012ba0000, 0x0000000013ba0000)

Polling page: 0x0000000001e00000

CodeCache: size=245760Kb used=328Kb max_used=328Kb free=245431Kb
 bounds [0x0000000002070000, 0x00000000022e0000, 0x0000000011070000]
 total_blobs=57 nmethods=0 adapters=37
 compilation: enabled

Compilation events (0 events):
No events

GC Heap History (0 events):
No events

Deoptimization events (0 events):
No events

Internal exceptions (0 events):
No events

Events (10 events):
Event: 0.023 loading class java/lang/Short
Event: 0.023 loading class java/lang/Short done
Event: 0.023 loading class java/lang/Integer
Event: 0.023 loading class java/lang/Integer done
Event: 0.023 loading class java/lang/Long
Event: 0.024 loading class java/lang/Long done
Event: 0.024 loading class java/lang/NullPointerException
Event: 0.024 loading class java/lang/NullPointerException done
Event: 0.024 loading class java/lang/ArithmeticException
Event: 0.024 loading class java/lang/ArithmeticException done


Dynamic libraries:
0x00007ff6deaf0000 - 0x00007ff6deb27000 	C:\Program Files\Java\jdk1.8.0_40\bin\java.exe
0x00007ff969c10000 - 0x00007ff969dbc000 	C:\Windows\SYSTEM32\ntdll.dll
0x00007ff968180000 - 0x00007ff9682be000 	C:\Windows\system32\KERNEL32.DLL
0x00007ff967170000 - 0x00007ff967285000 	C:\Windows\system32\KERNELBASE.dll
0x00007ff965900000 - 0x00007ff96598e000 	C:\Windows\system32\apphelp.dll
0x00007ff9535f0000 - 0x00007ff953643000 	C:\Windows\AppPatch\AppPatch64\AcGenral.DLL
0x00007ff967760000 - 0x00007ff96780a000 	C:\Windows\system32\msvcrt.dll
0x00007ff966b90000 - 0x00007ff966bbe000 	C:\Windows\SYSTEM32\SspiCli.dll
0x00007ff967700000 - 0x00007ff967754000 	C:\Windows\system32\SHLWAPI.dll
0x00007ff9673c0000 - 0x00007ff967537000 	C:\Windows\system32\USER32.dll
0x00007ff967fe0000 - 0x00007ff968174000 	C:\Windows\system32\ole32.dll
0x00007ff968580000 - 0x00007ff969aab000 	C:\Windows\system32\SHELL32.dll
0x00007ff9662c0000 - 0x00007ff9662e1000 	C:\Windows\SYSTEM32\USERENV.dll
0x00007ff968380000 - 0x00007ff96842a000 	C:\Windows\system32\ADVAPI32.dll
0x00007ff960ce0000 - 0x00007ff960cfe000 	C:\Windows\SYSTEM32\MPR.dll
0x00007ff967550000 - 0x00007ff967691000 	C:\Windows\system32\RPCRT4.dll
0x00007ff967f80000 - 0x00007ff967fd9000 	C:\Windows\SYSTEM32\sechost.dll
0x00007ff967a70000 - 0x00007ff967c81000 	C:\Windows\SYSTEM32\combase.dll
0x00007ff968430000 - 0x00007ff96857f000 	C:\Windows\system32\GDI32.dll
0x00007ff966d60000 - 0x00007ff966d75000 	C:\Windows\SYSTEM32\profapi.dll
0x00007ff964ce0000 - 0x00007ff964d92000 	C:\Windows\SYSTEM32\SHCORE.dll
0x00007ff967e80000 - 0x00007ff967eb6000 	C:\Windows\system32\IMM32.DLL
0x00007ff969ab0000 - 0x00007ff969c02000 	C:\Windows\system32\MSCTF.dll
0x00007ff962bb0000 - 0x00007ff962e2b000 	C:\Windows\WinSxS\amd64_microsoft.windows.common-controls_6595b64144ccf1df_6.0.9600.18006_none_623f33d3ecbe86e8\COMCTL32.dll
0x000000005da00000 - 0x000000005dad2000 	C:\Program Files\Java\jdk1.8.0_40\jre\bin\msvcr100.dll
0x000000005cb50000 - 0x000000005d3d3000 	C:\Program Files\Java\jdk1.8.0_40\jre\bin\server\jvm.dll
0x00007ff95d480000 - 0x00007ff95d489000 	C:\Windows\SYSTEM32\WSOCK32.dll
0x00007ff960580000 - 0x00007ff9605a2000 	C:\Windows\SYSTEM32\WINMM.dll
0x00007ff960570000 - 0x00007ff96057a000 	C:\Windows\SYSTEM32\VERSION.dll
0x00007ff967820000 - 0x00007ff967827000 	C:\Windows\system32\PSAPI.DLL
0x00007ff967360000 - 0x00007ff9673ba000 	C:\Windows\system32\WS2_32.dll
0x00007ff960210000 - 0x00007ff96023a000 	C:\Windows\SYSTEM32\WINMMBASE.dll
0x00007ff967540000 - 0x00007ff967549000 	C:\Windows\system32\NSI.dll
0x00007ff966f40000 - 0x00007ff966f8f000 	C:\Windows\SYSTEM32\cfgmgr32.dll
0x00007ff965b70000 - 0x00007ff965b98000 	C:\Windows\SYSTEM32\DEVOBJ.dll
0x000000005e680000 - 0x000000005e68f000 	C:\Program Files\Java\jdk1.8.0_40\jre\bin\verify.dll
0x000000005e650000 - 0x000000005e679000 	C:\Program Files\Java\jdk1.8.0_40\jre\bin\java.dll
0x000000005e630000 - 0x000000005e646000 	C:\Program Files\Java\jdk1.8.0_40\jre\bin\zip.dll
0x00007ff9611a0000 - 0x00007ff961329000 	C:\Windows\SYSTEM32\dbghelp.dll

VM Arguments:
jvm_args: -Xmx1024M -Dfile.encoding=windows-1252 -Duser.country=GB -Duser.language=en -Duser.variant 
java_command: com.android.dx.command.Main --dex --output C:\Users\Asif Khan\Desktop\Coursework\TrafficScotlandRoadworks\app\build\intermediates\pre-dexed\debug\classes-4f2f0c2a4a34468ce5a190e5188efacbc50836ab.jar C:\Users\Asif Khan\Desktop\Coursework\TrafficScotlandRoadworks\app\build\intermediates\exploded-aar\com.google.android.gms\play-services-games\8.3.0\jars\classes.jar
java_class_path (initial): C:\Android\sdk1\build-tools\22.0.1\lib\dx.jar
Launcher Type: SUN_STANDARD

Environment Variables:
PATH=C:\oraclexe\app\oracle\product\11.2.0\server\bin;;C:\ProgramData\Oracle\Java\javapath;C:\Program Files\Broadcom\Broadcom 802.11;;C:\Program Files (x86)\Intel\iCLS Client\;C:\Program Files\Intel\iCLS Client\;C:\Windows\system32;C:\Windows;C:\Windows\System32\Wbem;C:\Windows\System32\WindowsPowerShell\v1.0\;C:\Program Files\Hewlett-Packard\SimplePass\;C:\Program Files\Intel\Intel(R) Management Engine Components\DAL;C:\Program Files\Intel\Intel(R) Management Engine Components\IPT;C:\Program Files (x86)\Intel\Intel(R) Management Engine Components\DAL;C:\Program Files (x86)\Intel\Intel(R) Management Engine Components\IPT;C:\Program Files (x86)\Microsoft ASP.NET\ASP.NET Web Pages\v1.0\;C:\Program Files\Microsoft SQL Server\110\Tools\Binn\;C:\Program Files\Microsoft\Web Platform Installer\;C:\Program Files (x86)\Windows Kits\8.1\Windows Performance Toolkit\;C:\Program Files (x86)\Skype\Phone\
USERNAME=Asif Khan
OS=Windows_NT
PROCESSOR_IDENTIFIER=Intel64 Family 6 Model 69 Stepping 1, GenuineIntel



---------------  S Y S T E M  ---------------

OS: Windows 8.1 , 64 bit Build 9600 (6.3.9600.17415)

CPU:total 4 (2 cores per cpu, 2 threads per core) family 6 model 69 stepping 1, cmov, cx8, fxsr, mmx, sse, sse2, sse3, ssse3, sse4.1, sse4.2, popcnt, avx, avx2, aes, clmul, erms, lzcnt, ht, tsc, tscinvbit, bmi1, bmi2

Memory: 4k page, physical 8317080k(1185792k free), swap 11462808k(421084k free)

vm_info: Java HotSpot(TM) 64-Bit Server VM (25.40-b25) for windows-amd64 JRE (1.8.0_40-b25), built on Feb 10 2015 21:53:57 by "java_re" with MS VC++ 10.0 (VS2010)

time: Sat Dec 12 12:27:56 2015
elapsed time: 0 seconds (0d 0h 0m 0s)

