#
# There is insufficient memory for the Java Runtime Environment to continue.
# Native memory allocation (malloc) failed to allocate 261936 bytes for Chunk::new
# Possible reasons:
#   The system is out of physical RAM or swap space
#   In 32 bit mode, the process size limit was hit
# Possible solutions:
#   Reduce memory load on the system
#   Increase physical memory or swap space
#   Check if swap backing store is full
#   Use 64 bit Java on a 64 bit OS
#   Decrease Java heap size (-Xmx/-Xms)
#   Decrease number of Java threads
#   Decrease Java thread stack sizes (-Xss)
#   Set larger code cache with -XX:ReservedCodeCacheSize=
# This output file may be truncated or incomplete.
#
#  Out of Memory Error (allocation.cpp:390), pid=10004, tid=8476
#
# JRE version: Java(TM) SE Runtime Environment (8.0_40-b25) (build 1.8.0_40-b25)
# Java VM: Java HotSpot(TM) 64-Bit Server VM (25.40-b25 mixed mode windows-amd64 compressed oops)
# Failed to write core dump. Minidumps are not enabled by default on client versions of Windows
#

---------------  T H R E A D  ---------------

Current thread (0x00000000144c4800):  JavaThread "C2 CompilerThread1" daemon [_thread_in_native, id=8476, stack(0x0000000015b10000,0x0000000015c10000)]

Stack: [0x0000000015b10000,0x0000000015c10000]
Native frames: (J=compiled Java code, j=interpreted, Vv=VM code, C=native code)
V  [jvm.dll+0x32b47a]
V  [WS2_32.dll+0x2797f3]
V  [USER32.dll+0x27a489]
V  [jvm.dll+0x2717a5]
V  [DEVOBJ.dll+0xcb9a2]
V  [ADVAPI32.dll+0xcbe6c]
V  [jvm.dll+0x476ea2]
V  [jvm.dll+0x4b950f]
V  [jvm.dll+0x46b6b5]
V  [jvm.dll+0x46ccbe]
V  [jvm.dll+0x4500d2]
V  [jvm.dll+0xa4312]
V  [jvm.dll+0xa4c4f]
V  [jvm.dll+0x241914]
V  [jvm.dll+0x29848a]
C  [msvcr100.dll+0x21d9f]
C  [msvcr100.dll+0x21e3b]
C  [KERNEL32.DLL+0x13d2]
C  [ntdll.dll+0x15454]


Current CompileTask:
C2:  16713  914   !   4       com.android.dx.rop.code.RegisterSpec::intern (70 bytes)


---------------  P R O C E S S  ---------------

Java Threads: ( => current thread )
  0x000000001451e000 JavaThread "Service Thread" daemon [_thread_blocked, id=7972, stack(0x0000000016110000,0x0000000016210000)]
  0x00000000144c8800 JavaThread "C1 CompilerThread2" daemon [_thread_blocked, id=7844, stack(0x0000000015c10000,0x0000000015d10000)]
=>0x00000000144c4800 JavaThread "C2 CompilerThread1" daemon [_thread_in_native, id=8476, stack(0x0000000015b10000,0x0000000015c10000)]
  0x00000000144b9800 JavaThread "C2 CompilerThread0" daemon [_thread_blocked, id=5452, stack(0x0000000015a10000,0x0000000015b10000)]
  0x00000000144b8000 JavaThread "Attach Listener" daemon [_thread_blocked, id=6284, stack(0x0000000015910000,0x0000000015a10000)]
  0x00000000144b6800 JavaThread "Signal Dispatcher" daemon [_thread_blocked, id=6012, stack(0x0000000015810000,0x0000000015910000)]
  0x0000000001d06000 JavaThread "Finalizer" daemon [_thread_blocked, id=9668, stack(0x0000000015710000,0x0000000015810000)]
  0x0000000001cfd000 JavaThread "Reference Handler" daemon [_thread_blocked, id=3252, stack(0x0000000015610000,0x0000000015710000)]
  0x0000000001c10800 JavaThread "main" [_thread_in_native, id=8464, stack(0x00000000003c0000,0x00000000004c0000)]

Other Threads:
  0x0000000014487800 VMThread [stack: 0x0000000015510000,0x0000000015610000] [id=6416]
  0x0000000015d4f000 WatcherThread [stack: 0x0000000016210000,0x0000000016310000] [id=6704]

VM state:not at safepoint (normal execution)

VM Mutex/Monitor currently owned by a thread: None

Heap:
 PSYoungGen      total 38400K, used 1997K [0x00000000eab00000, 0x00000000ed580000, 0x0000000100000000)
  eden space 33280K, 6% used [0x00000000eab00000,0x00000000eacf3730,0x00000000ecb80000)
  from space 5120K, 0% used [0x00000000ecb80000,0x00000000ecb80000,0x00000000ed080000)
  to   space 5120K, 0% used [0x00000000ed080000,0x00000000ed080000,0x00000000ed580000)
 ParOldGen       total 36864K, used 3292K [0x00000000c0000000, 0x00000000c2400000, 0x00000000eab00000)
  object space 36864K, 8% used [0x00000000c0000000,0x00000000c03373f8,0x00000000c2400000)
 Metaspace       used 5956K, capacity 6896K, committed 7040K, reserved 1058816K
  class space    used 605K, capacity 616K, committed 640K, reserved 1048576K

Card table byte_map: [0x0000000011310000,0x0000000011520000] byte_map_base: 0x0000000010d10000

Marking Bits: (ParMarkBitMap*) 0x000000005d354040
 Begin Bits: [0x0000000011920000, 0x0000000012920000)
 End Bits:   [0x0000000012920000, 0x0000000013920000)

Polling page: 0x00000000004c0000

CodeCache: size=245760Kb used=4096Kb max_used=4097Kb free=241663Kb
 bounds [0x0000000001f50000, 0x0000000002360000, 0x0000000010f50000]
 total_blobs=1383 nmethods=1110 adapters=186
 compilation: enabled

Compilation events (10 events):
Event: 16.208 Thread 0x00000000144c8800  916       3       com.android.dx.rop.code.RegisterSpec::withSimpleType (59 bytes)
Event: 16.208 Thread 0x00000000144c8800 nmethod 916 0x00000000022ee9d0 code [0x00000000022eeb80, 0x00000000022ef2e8]
Event: 16.210 Thread 0x00000000144c8800  917       3       com.android.dx.util.MutabilityControl::<init> (10 bytes)
Event: 16.210 Thread 0x00000000144c8800 nmethod 917 0x00000000022ea3d0 code [0x00000000022ea520, 0x00000000022ea6d0]
Event: 16.210 Thread 0x00000000144c8800  918       3       com.android.dx.dex.file.Item::<init> (5 bytes)
Event: 16.210 Thread 0x00000000144c8800 nmethod 918 0x00000000022ee610 code [0x00000000022ee760, 0x00000000022ee910]
Event: 16.211 Thread 0x00000000144c8800  919       3       java.util.HashMap::resize (359 bytes)
Event: 16.212 Thread 0x00000000144c8800 nmethod 919 0x00000000022eff50 code [0x00000000022f01a0, 0x00000000022f13c8]
Event: 16.212 Thread 0x00000000144c8800  921   !   3       com.android.dx.rop.type.Prototype::intern (233 bytes)
Event: 16.213 Thread 0x00000000144b9800 nmethod 910 0x00000000022f1b10 code [0x00000000022f1da0, 0x00000000022f2650]

GC Heap History (0 events):
No events

Deoptimization events (1 events):
Event: 16.038 Thread 0x0000000001c10800 Uncommon trap: reason=unstable_if action=reinterpret pc=0x0000000002209874 method=java.util.BitSet.ensureCapacity(I)V @ 6

Internal exceptions (2 events):
Event: 0.432 Thread 0x0000000001c10800 Exception <a 'java/lang/NoSuchMethodError': Method sun.misc.Unsafe.defineClass(Ljava/lang/String;[BII)Ljava/lang/Class; name or signature does not match> (0x00000000eab0d638) thrown at [D:\re\workspace\8-2-build-windows-amd64-cygwin\jdk8u40\2855\hotspot\sr“âþ£}ŸÛ?
Event: 0.432 Thread 0x0000000001c10800 Exception <a 'java/lang/NoSuchMethodError': Method sun.misc.Unsafe.prefetchRead(Ljava/lang/Object;J)V name or signature does not match> (0x00000000eab0d8c8) thrown at [D:\re\workspace\8-2-build-windows-amd64-cygwin\jdk8u40\2855\hotspot\src\share\vm\prims\j

Events (10 events):
Event: 15.866 loading class com/android/dx/cf/attrib/AttLocalVariableTypeTable done
Event: 15.868 loading class com/android/dx/dex/file/FieldAnnotationStruct
Event: 15.868 loading class com/android/dx/dex/file/FieldAnnotationStruct done
Event: 15.871 loading class com/android/dx/dex/file/MethodAnnotationStruct
Event: 15.871 loading class com/android/dx/dex/file/MethodAnnotationStruct done
Event: 15.926 loading class com/android/dx/cf/direct/DirectClassFile$DcfTypeList
Event: 15.926 loading class com/android/dx/cf/direct/DirectClassFile$DcfTypeList done
Event: 16.038 Thread 0x0000000001c10800 Uncommon trap: trap_request=0xffffff65 fr.pc=0x0000000002209874
Event: 16.038 Thread 0x0000000001c10800 DEOPT PACKING pc=0x0000000002209874 sp=0x00000000004beb90
Event: 16.038 Thread 0x0000000001c10800 DEOPT UNPACKING pc=0x0000000001f9582a sp=0x00000000004bea78 mode 2


Dynamic libraries:
0x00007ff6deaf0000 - 0x00007ff6deb27000 	C:\Program Files\Java\jdk1.8.0_40\bin\java.exe
0x00007ff969c10000 - 0x00007ff969dbc000 	C:\Windows\SYSTEM32\ntdll.dll
0x00007ff968180000 - 0x00007ff9682be000 	C:\Windows\system32\KERNEL32.DLL
0x00007ff967170000 - 0x00007ff967285000 	C:\Windows\system32\KERNELBASE.dll
0x00007ff965900000 - 0x00007ff96598e000 	C:\Windows\system32\apphelp.dll
0x00007ff9535f0000 - 0x00007ff953643000 	C:\Windows\AppPatch\AppPatch64\AcGenral.DLL
0x00007ff967760000 - 0x00007ff96780a000 	C:\Windows\system32\msvcrt.dll
0x00007ff966b90000 - 0x00007ff966bbe000 	C:\Windows\SYSTEM32\SspiCli.dll
0x00007ff967700000 - 0x00007ff967754000 	C:\Windows\system32\SHLWAPI.dll
0x00007ff9673c0000 - 0x00007ff967537000 	C:\Windows\system32\USER32.dll
0x00007ff967fe0000 - 0x00007ff968174000 	C:\Windows\system32\ole32.dll
0x00007ff968580000 - 0x00007ff969aab000 	C:\Windows\system32\SHELL32.dll
0x00007ff9662c0000 - 0x00007ff9662e1000 	C:\Windows\SYSTEM32\USERENV.dll
0x00007ff968380000 - 0x00007ff96842a000 	C:\Windows\system32\ADVAPI32.dll
0x00007ff960ce0000 - 0x00007ff960cfe000 	C:\Windows\SYSTEM32\MPR.dll
0x00007ff967550000 - 0x00007ff967691000 	C:\Windows\system32\RPCRT4.dll
0x00007ff967f80000 - 0x00007ff967fd9000 	C:\Windows\SYSTEM32\sechost.dll
0x00007ff967a70000 - 0x00007ff967c81000 	C:\Windows\SYSTEM32\combase.dll
0x00007ff968430000 - 0x00007ff96857f000 	C:\Windows\system32\GDI32.dll
0x00007ff966d60000 - 0x00007ff966d75000 	C:\Windows\SYSTEM32\profapi.dll
0x00007ff964ce0000 - 0x00007ff964d92000 	C:\Windows\SYSTEM32\SHCORE.dll
0x00007ff967e80000 - 0x00007ff967eb6000 	C:\Windows\system32\IMM32.DLL
0x00007ff969ab0000 - 0x00007ff969c02000 	C:\Windows\system32\MSCTF.dll
0x00007ff962bb0000 - 0x00007ff962e2b000 	C:\Windows\WinSxS\amd64_microsoft.windows.common-controls_6595b64144ccf1df_6.0.9600.18006_none_623f33d3ecbe86e8\COMCTL32.dll
0x000000005da00000 - 0x000000005dad2000 	C:\Program Files\Java\jdk1.8.0_40\jre\bin\msvcr100.dll
0x000000005cb50000 - 0x000000005d3d3000 	C:\Program Files\Java\jdk1.8.0_40\jre\bin\server\jvm.dll
0x00007ff95d480000 - 0x00007ff95d489000 	C:\Windows\SYSTEM32\WSOCK32.dll
0x00007ff960580000 - 0x00007ff9605a2000 	C:\Windows\SYSTEM32\WINMM.dll
0x00007ff960570000 - 0x00007ff96057a000 	C:\Windows\SYSTEM32\VERSION.dll
0x00007ff967820000 - 0x00007ff967827000 	C:\Windows\system32\PSAPI.DLL
0x00007ff967360000 - 0x00007ff9673ba000 	C:\Windows\system32\WS2_32.dll
0x00007ff960210000 - 0x00007ff96023a000 	C:\Windows\SYSTEM32\WINMMBASE.dll
0x00007ff967540000 - 0x00007ff967549000 	C:\Windows\system32\NSI.dll
0x00007ff966f40000 - 0x00007ff966f8f000 	C:\Windows\SYSTEM32\cfgmgr32.dll
0x00007ff965b70000 - 0x00007ff965b98000 	C:\Windows\SYSTEM32\DEVOBJ.dll
0x000000005e680000 - 0x000000005e68f000 	C:\Program Files\Java\jdk1.8.0_40\jre\bin\verify.dll
0x000000005e650000 - 0x000000005e679000 	C:\Program Files\Java\jdk1.8.0_40\jre\bin\java.dll
0x000000005e630000 - 0x000000005e646000 	C:\Program Files\Java\jdk1.8.0_40\jre\bin\zip.dll
0x00007ff9611a0000 - 0x00007ff961329000 	C:\Windows\SYSTEM32\dbghelp.dll

VM Arguments:
jvm_args: -Xmx1024M -Dfile.encoding=windows-1252 -Duser.country=GB -Duser.language=en -Duser.variant 
java_command: com.android.dx.command.Main --dex --output C:\Users\Asif Khan\Desktop\Coursework\TrafficScotlandRoadworks\app\build\intermediates\pre-dexed\debug\internal_impl-22.2.0-916c608931bf3c335a259fc659a443025ca01c54.jar C:\Users\Asif Khan\Desktop\Coursework\TrafficScotlandRoadworks\app\build\intermediates\exploded-aar\com.android.support\mediarouter-v7\22.2.0\jars\libs\internal_impl-22.2.0.jar
java_class_path (initial): C:\Android\sdk1\build-tools\22.0.1\lib\dx.jar
Launcher Type: SUN_STANDARD

Environment Variables:
PATH=C:\oraclexe\app\oracle\product\11.2.0\server\bin;;C:\ProgramData\Oracle\Java\javapath;C:\Program Files\Broadcom\Broadcom 802.11;;C:\Program Files (x86)\Intel\iCLS Client\;C:\Program Files\Intel\iCLS Client\;C:\Windows\system32;C:\Windows;C:\Windows\System32\Wbem;C:\Windows\System32\WindowsPowerShell\v1.0\;C:\Program Files\Hewlett-Packard\SimplePass\;C:\Program Files\Intel\Intel(R) Management Engine Components\DAL;C:\Program Files\Intel\Intel(R) Management Engine Components\IPT;C:\Program Files (x86)\Intel\Intel(R) Management Engine Components\DAL;C:\Program Files (x86)\Intel\Intel(R) Management Engine Components\IPT;C:\Program Files (x86)\Microsoft ASP.NET\ASP.NET Web Pages\v1.0\;C:\Program Files\Microsoft SQL Server\110\Tools\Binn\;C:\Program Files\Microsoft\Web Platform Installer\;C:\Program Files (x86)\Windows Kits\8.1\Windows Performance Toolkit\;C:\Program Files (x86)\Skype\Phone\
USERNAME=Asif Khan
OS=Windows_NT
PROCESSOR_IDENTIFIER=Intel64 Family 6 Model 69 Stepping 1, GenuineIntel



---------------  S Y S T E M  ---------------

OS: Windows 8.1 , 64 bit Build 9600 (6.3.9600.17415)

CPU:total 4 (2 cores per cpu, 2 threads per core) family 6 model 69 stepping 1, cmov, cx8, fxsr, mmx, sse, sse2, sse3, ssse3, sse4.1, sse4.2, popcnt, avx, avx2, aes, clmul, erms, lzcnt, ht, tsc, tscinvbit, bmi1, bmi2

Memory: 4k page, physical 8317080k(897760k free), swap 11462808k(39312k free)

vm_info: Java HotSpot(TM) 64-Bit Server VM (25.40-b25) for windows-amd64 JRE (1.8.0_40-b25), built on Feb 10 2015 21:53:57 by "java_re" with MS VC++ 10.0 (VS2010)

time: Sat Dec 12 12:27:41 2015
elapsed time: 16 seconds (0d 0h 0m 16s)

