#
# There is insufficient memory for the Java Runtime Environment to continue.
# Native memory allocation (malloc) failed to allocate 115936 bytes for Chunk::new
# Possible reasons:
#   The system is out of physical RAM or swap space
#   In 32 bit mode, the process size limit was hit
# Possible solutions:
#   Reduce memory load on the system
#   Increase physical memory or swap space
#   Check if swap backing store is full
#   Use 64 bit Java on a 64 bit OS
#   Decrease Java heap size (-Xmx/-Xms)
#   Decrease number of Java threads
#   Decrease Java thread stack sizes (-Xss)
#   Set larger code cache with -XX:ReservedCodeCacheSize=
# This output file may be truncated or incomplete.
#
#  Out of Memory Error (allocation.cpp:390), pid=9268, tid=4796
#
# JRE version: Java(TM) SE Runtime Environment (8.0_40-b25) (build 1.8.0_40-b25)
# Java VM: Java HotSpot(TM) 64-Bit Server VM (25.40-b25 mixed mode windows-amd64 compressed oops)
# Failed to write core dump. Minidumps are not enabled by default on client versions of Windows
#

---------------  T H R E A D  ---------------

Current thread (0x0000000014648800):  JavaThread "C2 CompilerThread0" daemon [_thread_in_native, id=4796, stack(0x0000000015ba0000,0x0000000015ca0000)]

Stack: [0x0000000015ba0000,0x0000000015ca0000]
Native frames: (J=compiled Java code, j=interpreted, Vv=VM code, C=native code)
V  [jvm.dll+0x32b47a]
V  [jvm.dll+0x2797f3]
V  [jvm.dll+0x27a489]
V  [jvm.dll+0x2717a5]
V  [jvm.dll+0xcb9a2]
V  [jvm.dll+0xcbe6c]
V  [jvm.dll+0x4929a7]
V  [jvm.dll+0x45f77f]
V  [jvm.dll+0x46a73b]
V  [jvm.dll+0x46cd52]
V  [jvm.dll+0x4500d2]
V  [jvm.dll+0xa4312]
V  [jvm.dll+0xa4c4f]
V  [jvm.dll+0x241914]
V  [jvm.dll+0x29848a]
C  [msvcr100.dll+0x21d9f]
C  [msvcr100.dll+0x21e3b]
C  [KERNEL32.DLL+0x13d2]
C  [ntdll.dll+0x15454]


Current CompileTask:
C2:  16709  878   !   4       com.android.dx.rop.code.RegisterSpec::intern (70 bytes)


---------------  P R O C E S S  ---------------

Java Threads: ( => current thread )
  0x0000000015ea5800 JavaThread "Service Thread" daemon [_thread_blocked, id=9632, stack(0x00000000162a0000,0x00000000163a0000)]
  0x00000000146a9000 JavaThread "C1 CompilerThread2" daemon [_thread_blocked, id=7028, stack(0x0000000015da0000,0x0000000015ea0000)]
  0x0000000014650800 JavaThread "C2 CompilerThread1" daemon [_thread_in_native, id=9124, stack(0x0000000015ca0000,0x0000000015da0000)]
=>0x0000000014648800 JavaThread "C2 CompilerThread0" daemon [_thread_in_native, id=4796, stack(0x0000000015ba0000,0x0000000015ca0000)]
  0x0000000014647000 JavaThread "Attach Listener" daemon [_thread_blocked, id=5808, stack(0x0000000015aa0000,0x0000000015ba0000)]
  0x0000000014646000 JavaThread "Signal Dispatcher" daemon [_thread_blocked, id=10236, stack(0x00000000159a0000,0x0000000015aa0000)]
  0x0000000001f70800 JavaThread "Finalizer" daemon [_thread_blocked, id=10028, stack(0x00000000158a0000,0x00000000159a0000)]
  0x0000000001f6d000 JavaThread "Reference Handler" daemon [_thread_blocked, id=9592, stack(0x00000000157a0000,0x00000000158a0000)]
  0x0000000001e80800 JavaThread "main" [_thread_in_vm, id=9560, stack(0x0000000001d80000,0x0000000001e80000)]

Other Threads:
  0x0000000014617800 VMThread [stack: 0x00000000156a0000,0x00000000157a0000] [id=7432]
  0x0000000015ea6800 WatcherThread [stack: 0x00000000163a0000,0x00000000164a0000] [id=10104]

VM state:not at safepoint (normal execution)

VM Mutex/Monitor currently owned by a thread: None

Heap:
 PSYoungGen      total 38400K, used 25991K [0x00000000eab00000, 0x00000000ed580000, 0x0000000100000000)
  eden space 33280K, 78% used [0x00000000eab00000,0x00000000ec461cb0,0x00000000ecb80000)
  from space 5120K, 0% used [0x00000000ed080000,0x00000000ed080000,0x00000000ed580000)
  to   space 5120K, 0% used [0x00000000ecb80000,0x00000000ecb80000,0x00000000ed080000)
 ParOldGen       total 87552K, used 0K [0x00000000c0000000, 0x00000000c5580000, 0x00000000eab00000)
  object space 87552K, 0% used [0x00000000c0000000,0x00000000c0000000,0x00000000c5580000)
 Metaspace       used 5488K, capacity 6768K, committed 7040K, reserved 1056768K
  class space    used 550K, capacity 616K, committed 640K, reserved 1048576K

Card table byte_map: [0x0000000011340000,0x0000000011550000] byte_map_base: 0x0000000010d40000

Marking Bits: (ParMarkBitMap*) 0x000000005d354040
 Begin Bits: [0x0000000011ab0000, 0x0000000012ab0000)
 End Bits:   [0x0000000012ab0000, 0x0000000013ab0000)

Polling page: 0x0000000000510000

CodeCache: size=245760Kb used=3890Kb max_used=3890Kb free=241869Kb
 bounds [0x0000000001f80000, 0x0000000002350000, 0x0000000010f80000]
 total_blobs=1201 nmethods=935 adapters=178
 compilation: disabled (not enough contiguous free space left)

Compilation events (10 events):
Event: 16.108 Thread 0x00000000146a9000 nmethod 889 0x000000000230c250 code [0x000000000230c3c0, 0x000000000230c5e8]
Event: 16.108 Thread 0x00000000146a9000  890       3       com.android.dx.cf.code.Simulator$SimVisitor::visitLocal (329 bytes)
Event: 16.110 Thread 0x0000000014650800 nmethod 887 0x000000000230bb90 code [0x000000000230bce0, 0x000000000230c0a8]
Event: 16.110 Thread 0x0000000014650800  891       4       com.android.dx.ssa.NormalSsaInsn::getLocalAssignment (54 bytes)
Event: 16.111 Thread 0x0000000014650800 nmethod 891 0x000000000230e150 code [0x000000000230e280, 0x000000000230e338]
Event: 16.112 Thread 0x00000000146a9000 nmethod 890 0x0000000002311110 code [0x0000000002311540, 0x00000000023141d8]
Event: 16.112 Thread 0x00000000146a9000  892       3       com.android.dx.ssa.SsaMethod::isRegALocal (90 bytes)
Event: 16.113 Thread 0x00000000146a9000 nmethod 892 0x000000000230fe90 code [0x00000000023100a0, 0x0000000002310d08]
Event: 16.114 Thread 0x0000000014650800  893       4       com.android.dx.rop.type.Type::equals (31 bytes)
Event: 16.116 Thread 0x0000000014650800 nmethod 893 0x000000000230e5d0 code [0x000000000230e720, 0x000000000230e8b8]

GC Heap History (0 events):
No events

Deoptimization events (2 events):
Event: 15.636 Thread 0x0000000001e80800 Uncommon trap: reason=unstable_if action=reinterpret pc=0x00000000021c8970 method=java.util.BitSet.nextSetBit(I)I @ 87
Event: 15.646 Thread 0x0000000001e80800 Uncommon trap: reason=unstable_if action=reinterpret pc=0x000000000219c4c4 method=java.util.HashMap.getNode(ILjava/lang/Object;)Ljava/util/HashMap$Node; @ 129

Internal exceptions (2 events):
Event: 0.479 Thread 0x0000000001e80800 Exception <a 'java/lang/NoSuchMethodError': Method sun.misc.Unsafe.defineClass(Ljava/lang/String;[BII)Ljava/lang/Class; name or signature does not match> (0x00000000eab0d608) thrown at [D:\re\workspace\8-2-build-windows-amd64-cygwin\jdk8u40\2855\hotspot\sr€\H>£Þ?
Event: 0.479 Thread 0x0000000001e80800 Exception <a 'java/lang/NoSuchMethodError': Method sun.misc.Unsafe.prefetchRead(Ljava/lang/Object;J)V name or signature does not match> (0x00000000eab0d898) thrown at [D:\re\workspace\8-2-build-windows-amd64-cygwin\jdk8u40\2855\hotspot\src\share\vm\prims\j

Events (10 events):
Event: 15.779 loading class com/android/dx/cf/attrib/AttRuntimeVisibleAnnotations
Event: 15.779 loading class com/android/dx/cf/attrib/AttRuntimeVisibleAnnotations done
Event: 15.809 loading class com/android/dx/cf/attrib/BaseAnnotations
Event: 15.809 loading class com/android/dx/cf/attrib/BaseAnnotations done
Event: 15.826 loading class java/util/ArrayList$1
Event: 15.826 loading class java/util/ArrayList$1 done
Event: 15.895 loading class com/android/dx/cf/attrib/AttConstantValue
Event: 15.895 loading class com/android/dx/cf/attrib/AttConstantValue done
Event: 16.095 Executing VM operation: ForceSafepoint
Event: 16.096 Executing VM operation: ForceSafepoint done


Dynamic libraries:
0x00007ff6deaf0000 - 0x00007ff6deb27000 	C:\Program Files\Java\jdk1.8.0_40\bin\java.exe
0x00007ff969c10000 - 0x00007ff969dbc000 	C:\Windows\SYSTEM32\ntdll.dll
0x00007ff968180000 - 0x00007ff9682be000 	C:\Windows\system32\KERNEL32.DLL
0x00007ff967170000 - 0x00007ff967285000 	C:\Windows\system32\KERNELBASE.dll
0x00007ff965900000 - 0x00007ff96598e000 	C:\Windows\system32\apphelp.dll
0x00007ff9535f0000 - 0x00007ff953643000 	C:\Windows\AppPatch\AppPatch64\AcGenral.DLL
0x00007ff967760000 - 0x00007ff96780a000 	C:\Windows\system32\msvcrt.dll
0x00007ff966b90000 - 0x00007ff966bbe000 	C:\Windows\SYSTEM32\SspiCli.dll
0x00007ff967700000 - 0x00007ff967754000 	C:\Windows\system32\SHLWAPI.dll
0x00007ff9673c0000 - 0x00007ff967537000 	C:\Windows\system32\USER32.dll
0x00007ff967fe0000 - 0x00007ff968174000 	C:\Windows\system32\ole32.dll
0x00007ff968580000 - 0x00007ff969aab000 	C:\Windows\system32\SHELL32.dll
0x00007ff9662c0000 - 0x00007ff9662e1000 	C:\Windows\SYSTEM32\USERENV.dll
0x00007ff968380000 - 0x00007ff96842a000 	C:\Windows\system32\ADVAPI32.dll
0x00007ff960ce0000 - 0x00007ff960cfe000 	C:\Windows\SYSTEM32\MPR.dll
0x00007ff967550000 - 0x00007ff967691000 	C:\Windows\system32\RPCRT4.dll
0x00007ff967f80000 - 0x00007ff967fd9000 	C:\Windows\SYSTEM32\sechost.dll
0x00007ff967a70000 - 0x00007ff967c81000 	C:\Windows\SYSTEM32\combase.dll
0x00007ff968430000 - 0x00007ff96857f000 	C:\Windows\system32\GDI32.dll
0x00007ff966d60000 - 0x00007ff966d75000 	C:\Windows\SYSTEM32\profapi.dll
0x00007ff964ce0000 - 0x00007ff964d92000 	C:\Windows\SYSTEM32\SHCORE.dll
0x00007ff967e80000 - 0x00007ff967eb6000 	C:\Windows\system32\IMM32.DLL
0x00007ff969ab0000 - 0x00007ff969c02000 	C:\Windows\system32\MSCTF.dll
0x00007ff962bb0000 - 0x00007ff962e2b000 	C:\Windows\WinSxS\amd64_microsoft.windows.common-controls_6595b64144ccf1df_6.0.9600.18006_none_623f33d3ecbe86e8\COMCTL32.dll
0x000000005da00000 - 0x000000005dad2000 	C:\Program Files\Java\jdk1.8.0_40\jre\bin\msvcr100.dll
0x000000005cb50000 - 0x000000005d3d3000 	C:\Program Files\Java\jdk1.8.0_40\jre\bin\server\jvm.dll
0x00007ff95d480000 - 0x00007ff95d489000 	C:\Windows\SYSTEM32\WSOCK32.dll
0x00007ff960580000 - 0x00007ff9605a2000 	C:\Windows\SYSTEM32\WINMM.dll
0x00007ff960570000 - 0x00007ff96057a000 	C:\Windows\SYSTEM32\VERSION.dll
0x00007ff967820000 - 0x00007ff967827000 	C:\Windows\system32\PSAPI.DLL
0x00007ff967360000 - 0x00007ff9673ba000 	C:\Windows\system32\WS2_32.dll
0x00007ff960210000 - 0x00007ff96023a000 	C:\Windows\SYSTEM32\WINMMBASE.dll
0x00007ff967540000 - 0x00007ff967549000 	C:\Windows\system32\NSI.dll
0x00007ff966f40000 - 0x00007ff966f8f000 	C:\Windows\SYSTEM32\cfgmgr32.dll
0x00007ff965b70000 - 0x00007ff965b98000 	C:\Windows\SYSTEM32\DEVOBJ.dll
0x000000005e680000 - 0x000000005e68f000 	C:\Program Files\Java\jdk1.8.0_40\jre\bin\verify.dll
0x000000005e650000 - 0x000000005e679000 	C:\Program Files\Java\jdk1.8.0_40\jre\bin\java.dll
0x000000005e630000 - 0x000000005e646000 	C:\Program Files\Java\jdk1.8.0_40\jre\bin\zip.dll
0x00007ff9611a0000 - 0x00007ff961329000 	C:\Windows\SYSTEM32\dbghelp.dll

VM Arguments:
jvm_args: -Xmx1024M -Dfile.encoding=windows-1252 -Duser.country=GB -Duser.language=en -Duser.variant 
java_command: com.android.dx.command.Main --dex --output C:\Users\Asif Khan\Desktop\Coursework\TrafficScotlandRoadworks\app\build\intermediates\pre-dexed\debug\classes-0fcfe53955e4b5a8448add16b5f68452852e5451.jar C:\Users\Asif Khan\Desktop\Coursework\TrafficScotlandRoadworks\app\build\intermediates\exploded-aar\com.google.android.gms\play-services-maps\8.3.0\jars\classes.jar
java_class_path (initial): C:\Android\sdk1\build-tools\22.0.1\lib\dx.jar
Launcher Type: SUN_STANDARD

Environment Variables:
PATH=C:\oraclexe\app\oracle\product\11.2.0\server\bin;;C:\ProgramData\Oracle\Java\javapath;C:\Program Files\Broadcom\Broadcom 802.11;;C:\Program Files (x86)\Intel\iCLS Client\;C:\Program Files\Intel\iCLS Client\;C:\Windows\system32;C:\Windows;C:\Windows\System32\Wbem;C:\Windows\System32\WindowsPowerShell\v1.0\;C:\Program Files\Hewlett-Packard\SimplePass\;C:\Program Files\Intel\Intel(R) Management Engine Components\DAL;C:\Program Files\Intel\Intel(R) Management Engine Components\IPT;C:\Program Files (x86)\Intel\Intel(R) Management Engine Components\DAL;C:\Program Files (x86)\Intel\Intel(R) Management Engine Components\IPT;C:\Program Files (x86)\Microsoft ASP.NET\ASP.NET Web Pages\v1.0\;C:\Program Files\Microsoft SQL Server\110\Tools\Binn\;C:\Program Files\Microsoft\Web Platform Installer\;C:\Program Files (x86)\Windows Kits\8.1\Windows Performance Toolkit\;C:\Program Files (x86)\Skype\Phone\
USERNAME=Asif Khan
OS=Windows_NT
PROCESSOR_IDENTIFIER=Intel64 Family 6 Model 69 Stepping 1, GenuineIntel



---------------  S Y S T E M  ---------------

OS: Windows 8.1 , 64 bit Build 9600 (6.3.9600.17415)

CPU:total 4 (2 cores per cpu, 2 threads per core) family 6 model 69 stepping 1, cmov, cx8, fxsr, mmx, sse, sse2, sse3, ssse3, sse4.1, sse4.2, popcnt, avx, avx2, aes, clmul, erms, lzcnt, ht, tsc, tscinvbit, bmi1, bmi2

Memory: 4k page, physical 8317080k(897752k free), swap 11462808k(39312k free)

vm_info: Java HotSpot(TM) 64-Bit Server VM (25.40-b25) for windows-amd64 JRE (1.8.0_40-b25), built on Feb 10 2015 21:53:57 by "java_re" with MS VC++ 10.0 (VS2010)

time: Sat Dec 12 12:27:41 2015
elapsed time: 16 seconds (0d 0h 0m 16s)

